Loading binary...
Loading symbols...
Found 86 GOT vtable entries
Found 49 bot constructors
  Analyzing CINSBotApproach::CINSBotApproach(Vector) @ 0x006e7490 (304 bytes)...
  Analyzing CINSBotAttack::CINSBotAttack() @ 0x006f56a0 (240 bytes)...
  Analyzing CINSBotAttackAdvance::CINSBotAttackAdvance() @ 0x006f5ef0 (304 bytes)...
  Analyzing CINSBotAttackCQC::CINSBotAttackCQC() @ 0x006f8030 (368 bytes)...
  Analyzing CINSBotAttackFromCover::CINSBotAttackFromCover() @ 0x006f89f0 (336 bytes)...
  Analyzing CINSBotAttackInPlace::CINSBotAttackInPlace() @ 0x006fb000 (320 bytes)...
  Analyzing CINSBotAttackIntoCover::CINSBotAttackIntoCover(Vector, bool, bool) @ 0x006fcf60 (304 bytes)...
  Analyzing CINSBotAttackLMG::CINSBotAttackLMG() @ 0x006fe1f0 (368 bytes)...
  Analyzing CINSBotAttackMelee::CINSBotAttackMelee() @ 0x006ff240 (288 bytes)...
  Analyzing CINSBotAttackPistol::CINSBotAttackPistol() @ 0x007003c0 (368 bytes)...
  Analyzing CINSBotAttackRifle::CINSBotAttackRifle() @ 0x00701680 (368 bytes)...
  Analyzing CINSBotAttackSniper::CINSBotAttackSniper() @ 0x007027c0 (368 bytes)...
  Analyzing CINSBotCaptureCP::CINSBotCaptureCP(int, bool) @ 0x00703010 (400 bytes)...
  Analyzing CINSBotCaptureFlag::CINSBotCaptureFlag(CINSPlayer*, int) @ 0x007045c0 (704 bytes)...
  Analyzing CINSBotCombat::CINSBotCombat() @ 0x00705390 (624 bytes)...
  Analyzing CINSBotReload::CINSBotReload() @ 0x007079b0 (352 bytes)...
  Analyzing CINSBotDestroyCache::CINSBotDestroyCache(int) @ 0x007081d0 (832 bytes)...
  Analyzing CINSBotEscort::CINSBotEscort() @ 0x0070a3e0 (576 bytes)...
  Analyzing CINSBotFireRPG::CINSBotFireRPG(Vector, Vector) @ 0x0070ddd0 (592 bytes)...
  Analyzing CINSBotFireRPG::CINSBotFireRPG() @ 0x0070f4f0 (656 bytes)...
  Analyzing CINSBotFollowCommand::CINSBotFollowCommand(eRadialCommands) @ 0x00710350 (224 bytes)...
  Analyzing CINSBotGuardCP::CINSBotGuardCP(int, float) @ 0x007108d0 (544 bytes)...
  Analyzing CINSBotGuardDefensive::CINSBotGuardDefensive(int) @ 0x00711d70 (544 bytes)...
  Analyzing CINSBotInvestigate::CINSBotInvestigate(CNavArea const*) @ 0x00713fa0 (752 bytes)...
  Analyzing CINSBotInvestigate::CINSBotInvestigate(Vector) @ 0x00714290 (800 bytes)...
  Analyzing CINSBotInvestigate::CINSBotInvestigate() @ 0x007145b0 (736 bytes)...
  Analyzing CINSBotInvestigateGunshot::CINSBotInvestigateGunshot(Vector) @ 0x00714d40 (544 bytes)...
  Analyzing CINSBotPatrol::CINSBotPatrol() @ 0x00716f10 (880 bytes)...
  Analyzing CINSBotPursue::CINSBotPursue() @ 0x0071a780 (240 bytes)...
  Analyzing CINSBotRetreat::CINSBotRetreat(bool, float) @ 0x0071c190 (656 bytes)...
  Analyzing CINSBotRetreat::CINSBotRetreat(float) @ 0x0071c420 (640 bytes)...
  Analyzing CINSBotRetreat::CINSBotRetreat(int) @ 0x0071c6a0 (640 bytes)...
  Analyzing CINSBotRetreatToCover::CINSBotRetreatToCover(bool, float) @ 0x0071f700 (320 bytes)...
  Analyzing CINSBotRetreatToCover::CINSBotRetreatToCover(Vector, bool, float) @ 0x0071f840 (320 bytes)...
  Analyzing CINSBotRetreatToHidingSpot::CINSBotRetreatToHidingSpot(bool, float) @ 0x00720b40 (544 bytes)...
  Analyzing CINSBotSpecialAction::CINSBotSpecialAction(BotSpecialActions, bool) @ 0x00721370 (304 bytes)...
  Analyzing CINSBotSuppressTarget::CINSBotSuppressTarget(Vector, CBaseEntity*) @ 0x00723170 (416 bytes)...
  Analyzing CINSBotThrowGrenade::CINSBotThrowGrenade(Vector, Vector) @ 0x00724d10 (320 bytes)...
  Analyzing CINSBotThrowGrenade::CINSBotThrowGrenade() @ 0x00725f70 (416 bytes)...
  Analyzing CINSBotActionAmbush::CINSBotActionAmbush() @ 0x007267a0 (144 bytes)...
  Analyzing CINSBotActionFlashpoint::CINSBotActionFlashpoint() @ 0x00728480 (128 bytes)...
  Analyzing CINSBotActionSkirmish::CINSBotActionSkirmish() @ 0x0072b630 (128 bytes)...
  Analyzing CINSBotActionStrike::CINSBotActionStrike() @ 0x0072c020 (128 bytes)...
  Analyzing CINSNextBot::CINSNextBot() @ 0x00738c00 (4528 bytes)...
  Analyzing CINSBotBody::CINSBotBody(INextBot*) @ 0x007453b0 (848 bytes)...
  Analyzing CINSBotChatter::CINSBotChatter(CINSNextBot*) @ 0x007490b0 (32 bytes)...
  Analyzing CINSBotLocomotion::CINSBotLocomotion(INextBot*) @ 0x00750920 (896 bytes)...
  Analyzing CINSNextBotManager::CINSNextBotManager() @ 0x00754ee0 (1360 bytes)...
  Analyzing CINSBotVision::CINSBotVision(INextBot*) @ 0x0075b550 (864 bytes)...
